
SQL*Loader: Release 19.0.0.0.0 - Production on Dim. Févr. 28 20:59:41 2021
Version 19.3.0.0.0

Copyright (c) 1982, 2019, Oracle and/or its affiliates.  All rights reserved.

Fichier de contrôle :   control_immatriculations.ctl
Fichier de données :      Immatriculation.csv
  Fichier des enregistrements refusés :     Immatriculation.bad
  Fichier de rebut :  aucune spécification

 (Allouer tous les rebuts)

Nombre à charger : ALL
Nombre à ignorer : 1
Erreurs autorisés : 50
Tableau de variables :     250 lignes, maximum de 1048576 octets
Continuation :    aucune spécification
Chemin utilisé:      Classique

Table IMMATRICULATION, chargé à partir de chaque enregistrement physique.
Option d'insertion en vigueur pour cette table : INSERT
option TRAILING NULLCOLS effective

   Nom de colonne                  Position   Long  Type de données encadr.
------------------------------ ---------- ----- ---- ---- ---------------------
NUMIMMATRICULATION                  FIRST     *   ,  O(") CHARACTER            
ID_MODELE                            NEXT     *   ,  O(") CHARACTER            


Table IMMATRICULATION :
  Chargement de 1996632 Lignes effectué.
  0 Lignes : chargement impossible dû à des erreurs de données.
  0 Lignes : chargement impossible car échec de toutes les clauses WHEN.
  0 Lignes : chargement impossible car tous les champs étaient non renseignés.


Espace affecté au tableau de variables :                 129000 octets(250 lignes)
Octets de tampon de lecture : 1048576

Nombre total d'enregistrements logiques ignorés :          1
Nombre total d'enregistrements logiques lus :       1996632
Nombre total d'enregistrements logiques rejetés :         0
Nombre total d'enregistrements logiques mis au rebut :        0

Le début de l'exécution a été effectué sur Dim. Févr. 28 20:59:41 2021
La fin de l'exécution a été effectuée sur Dim. Févr. 28 21:00:05 2021

Temps écoulé (ELAPSED) :     00:00:24.67
Temps processeur (CPU) :    00:00:01.59
